<?xml version="1.0" encoding="UTF-8"?>
<testng-results ignored="0" total="1" passed="1" failed="0" skipped="0">
  <reporter-output>
  </reporter-output>
  <suite started-at="2023-09-15T00:33:07 IST" name="Default suite" finished-at="2023-09-15T00:33:12 IST" duration-ms="5979">
    <groups>
    </groups>
    <test started-at="2023-09-15T00:33:07 IST" name="Default test" finished-at="2023-09-15T00:33:12 IST" duration-ms="5979">
      <class name="managerUtilitis.StartApplication">
        <test-method is-config="true" signature="startUp()[pri:0, instance:managerUtilitis.StartApplication@4bb33f74]" started-at="2023-09-15T00:33:07 IST" name="startUp" finished-at="2023-09-15T00:33:12 IST" duration-ms="5885" status="PASS">
          <reporter-output>
          </reporter-output>
        </test-method> <!-- startUp -->
        <test-method signature="startApplication()[pri:0, instance:managerUtilitis.StartApplication@4bb33f74]" started-at="2023-09-15T00:33:12 IST" name="startApplication" finished-at="2023-09-15T00:33:12 IST" duration-ms="17" status="PASS">
          <reporter-output>
          </reporter-output>
        </test-method> <!-- startApplication -->
      </class> <!-- managerUtilitis.StartApplication -->
    </test> <!-- Default test -->
  </suite> <!-- Default suite -->
</testng-results>
